This is XeTeX, Version 3.14159265-2.6-0.999991 (MiKTeX 2.9.7250) (preloaded format=xelatex 2019.11.27)  10 DEC 2019 18:34
entering extended mode
**./untitled-1.tex
(untitled-1.tex
LaTeX2e <2019-10-01> patch level 3
("D:\Program Files\LaTeX\tex/latex/base\article.cls"
Document Class: article 2019/10/25 v1.4k Standard LaTeX document class
("D:\Program Files\LaTeX\tex/latex/base\size10.clo"
File: size10.clo 2019/10/25 v1.4k Standard LaTeX file (size option)
)
\c@part=\count80
\c@section=\count81
\c@subsection=\count82
\c@subsubsection=\count83
\c@paragraph=\count84
\c@subparagraph=\count85
\c@figure=\count86
\c@table=\count87
\abovecaptionskip=\skip41
\belowcaptionskip=\skip42
\bibindent=\dimen102
)
("D:\Program Files\LaTeX\tex/xelatex/xepersian\xepersian.sty"
Package: xepersian 2019/05/01 v22.7 Persian typesetting in XeLaTeX

("D:\Program Files\LaTeX\tex/latex/fontspec\fontspec.sty"
("D:\Program Files\LaTeX\tex/latex/l3packages/xparse\xparse.sty"
("D:\Program Files\LaTeX\tex/latex/l3kernel\expl3.sty"
Package: expl3 2019-11-07 L3 programming layer (loader) 

("D:\Program Files\LaTeX\tex/latex/l3kernel\expl3-code.tex"
Package: expl3 2019-11-07 L3 programming layer (code)
\c_max_int=\count88
\l_tmpa_int=\count89
\l_tmpb_int=\count90
\g_tmpa_int=\count91
\g_tmpb_int=\count92
\l__seq_internal_a_int=\count93
\l__seq_internal_b_int=\count94
\g__kernel_prg_map_int=\count95
\c__ior_term_noprompt_ior=\count96
\c_log_iow=\count97
\l_iow_line_count_int=\count98
\l__iow_line_target_int=\count99
\l__iow_one_indent_int=\count100
\l__iow_indent_int=\count101
\c_zero_dim=\dimen103
\c_max_dim=\dimen104
\l_tmpa_dim=\dimen105
\l_tmpb_dim=\dimen106
\g_tmpa_dim=\dimen107
\g_tmpb_dim=\dimen108
\c_zero_skip=\skip43
\c_max_skip=\skip44
\l_tmpa_skip=\skip45
\l_tmpb_skip=\skip46
\g_tmpa_skip=\skip47
\g_tmpb_skip=\skip48
\c_zero_muskip=\muskip10
\c_max_muskip=\muskip11
\l_tmpa_muskip=\muskip12
\l_tmpb_muskip=\muskip13
\g_tmpa_muskip=\muskip14
\g_tmpb_muskip=\muskip15
\l_keys_choice_int=\count102
\l__intarray_loop_int=\count103
\c__intarray_sp_dim=\dimen109
\g__intarray_font_int=\count104
\c__fp_leading_shift_int=\count105
\c__fp_middle_shift_int=\count106
\c__fp_trailing_shift_int=\count107
\c__fp_big_leading_shift_int=\count108
\c__fp_big_middle_shift_int=\count109
\c__fp_big_trailing_shift_int=\count110
\c__fp_Bigg_leading_shift_int=\count111
\c__fp_Bigg_middle_shift_int=\count112
\c__fp_Bigg_trailing_shift_int=\count113
\g__fp_array_int=\count114
\l__fp_array_loop_int=\count115
\l__sort_length_int=\count116
\l__sort_min_int=\count117
\l__sort_top_int=\count118
\l__sort_max_int=\count119
\l__sort_true_max_int=\count120
\l__sort_block_int=\count121
\l__sort_begin_int=\count122
\l__sort_end_int=\count123
\l__sort_A_int=\count124
\l__sort_B_int=\count125
\l__sort_C_int=\count126
\l__str_internal_int=\count127
\l__tl_analysis_normal_int=\count128
\l__tl_analysis_index_int=\count129
\l__tl_analysis_nesting_int=\count130
\l__tl_analysis_type_int=\count131
\l__regex_internal_a_int=\count132
\l__regex_internal_b_int=\count133
\l__regex_internal_c_int=\count134
\l__regex_balance_int=\count135
\l__regex_group_level_int=\count136
\l__regex_mode_int=\count137
\c__regex_cs_in_class_mode_int=\count138
\c__regex_cs_mode_int=\count139
\l__regex_catcodes_int=\count140
\l__regex_default_catcodes_int=\count141
\c__regex_catcode_L_int=\count142
\c__regex_catcode_O_int=\count143
\c__regex_catcode_A_int=\count144
\c__regex_all_catcodes_int=\count145
\l__regex_show_lines_int=\count146
\l__regex_min_state_int=\count147
\l__regex_max_state_int=\count148
\l__regex_left_state_int=\count149
\l__regex_right_state_int=\count150
\l__regex_capturing_group_int=\count151
\l__regex_min_pos_int=\count152
\l__regex_max_pos_int=\count153
\l__regex_curr_pos_int=\count154
\l__regex_start_pos_int=\count155
\l__regex_success_pos_int=\count156
\l__regex_curr_char_int=\count157
\l__regex_curr_catcode_int=\count158
\l__regex_last_char_int=\count159
\l__regex_case_changed_char_int=\count160
\l__regex_curr_state_int=\count161
\l__regex_step_int=\count162
\l__regex_min_active_int=\count163
\l__regex_max_active_int=\count164
\l__regex_replacement_csnames_int=\count165
\l__regex_match_count_int=\count166
\l__regex_min_submatch_int=\count167
\l__regex_submatch_int=\count168
\l__regex_zeroth_submatch_int=\count169
\g__regex_trace_regex_int=\count170
\c_empty_box=\box27
\l_tmpa_box=\box28
\l_tmpb_box=\box29
\g_tmpa_box=\box30
\g_tmpb_box=\box31
\l__box_top_dim=\dimen110
\l__box_bottom_dim=\dimen111
\l__box_left_dim=\dimen112
\l__box_right_dim=\dimen113
\l__box_top_new_dim=\dimen114
\l__box_bottom_new_dim=\dimen115
\l__box_left_new_dim=\dimen116
\l__box_right_new_dim=\dimen117
\l__box_internal_box=\box32
\l__coffin_internal_box=\box33
\l__coffin_internal_dim=\dimen118
\l__coffin_offset_x_dim=\dimen119
\l__coffin_offset_y_dim=\dimen120
\l__coffin_x_dim=\dimen121
\l__coffin_y_dim=\dimen122
\l__coffin_x_prime_dim=\dimen123
\l__coffin_y_prime_dim=\dimen124
\c_empty_coffin=\box34
\l__coffin_aligned_coffin=\box35
\l__coffin_aligned_internal_coffin=\box36
\l_tmpa_coffin=\box37
\l_tmpb_coffin=\box38
\g_tmpa_coffin=\box39
\g_tmpb_coffin=\box40
\l__coffin_bounding_shift_dim=\dimen125
\l__coffin_left_corner_dim=\dimen126
\l__coffin_right_corner_dim=\dimen127
\l__coffin_bottom_corner_dim=\dimen128
\l__coffin_top_corner_dim=\dimen129
\l__coffin_scaled_total_height_dim=\dimen130
\l__coffin_scaled_width_dim=\dimen131
\c__coffin_empty_coffin=\box41
\l__coffin_display_coffin=\box42
\l__coffin_display_coord_coffin=\box43
\l__coffin_display_pole_coffin=\box44
\l__coffin_display_offset_dim=\dimen132
\l__coffin_display_x_dim=\dimen133
\l__coffin_display_y_dim=\dimen134
\g__char_data_ior=\read1

("D:\Program Files\LaTeX\tex/latex/l3kernel\l3deprecation.def"
File: l3deprecation.def 2019-04-06 v L3 Deprecated functions
))
("D:\Program Files\LaTeX\tex/latex/l3backend\l3backend-xdvipdfmx.def"
File: l3backend-xdvipdfmx.def 2019-04-06 L3 backend support: xdvipdfmx
\g__graphics_track_int=\count171
\l__pdf_internal_box=\box45
\g__pdf_backend_object_int=\count172
\g__pdf_backend_annotation_int=\count173
))
Package: xparse 2019-10-11 L3 Experimental document command parser
\l__xparse_current_arg_int=\count174
\g__xparse_grabber_int=\count175
\l__xparse_m_args_int=\count176
\l__xparse_v_nesting_int=\count177
)
Package: fontspec 2019/10/19 v2.7d Font selection for XeLaTeX and LuaLaTeX

("D:\Program Files\LaTeX\tex/latex/fontspec\fontspec-xetex.sty"
Package: fontspec-xetex 2019/10/19 v2.7d Font selection for XeLaTeX and LuaLaTe
X
\l__fontspec_script_int=\count178
\l__fontspec_language_int=\count179
\l__fontspec_strnum_int=\count180
\l__fontspec_tmp_int=\count181
\l__fontspec_tmpa_int=\count182
\l__fontspec_tmpb_int=\count183
\l__fontspec_tmpc_int=\count184
\l__fontspec_em_int=\count185
\l__fontspec_emdef_int=\count186
\l__fontspec_strong_int=\count187
\l__fontspec_strongdef_int=\count188
\l__fontspec_tmpa_dim=\dimen135
\l__fontspec_tmpb_dim=\dimen136
\l__fontspec_tmpc_dim=\dimen137

("D:\Program Files\LaTeX\tex/latex/base\fontenc.sty"
Package: fontenc 2018/08/11 v2.0j Standard LaTeX package

("D:\Program Files\LaTeX\tex/latex/base\tuenc.def"
File: tuenc.def 2018/08/11 v2.0j Standard LaTeX file
LaTeX Font Info:    Redeclaring font encoding TU on input line 82.
))
("D:\Program Files\LaTeX\tex/latex/fontspec\fontspec.cfg")
LaTeX Info: Redefining \itshape on input line 4047.
LaTeX Info: Redefining \slshape on input line 4052.
LaTeX Info: Redefining \scshape on input line 4057.
LaTeX Info: Redefining \upshape on input line 4062.
LaTeX Info: Redefining \em on input line 4092.
LaTeX Info: Redefining \emph on input line 4117.
))
("D:\Program Files\LaTeX\tex/xelatex/xepersian\xepersian-persiancal.sty"
Package: xepersian-persiancal 2012/07/25 v0.2 provides Persian calendar
\XePersian@i=\count189
\XePersian@y=\count190
\XePersian@m=\count191
\XePersian@d=\count192
\XePersian@latini=\count193
\XePersian@persiani=\count194
\XePersian@latinii=\count195
\XePersian@persianii=\count196
\XePersian@latiniii=\count197
\XePersian@persianiii=\count198
\XePersian@latiniv=\count199
\XePersian@persianiv=\count266
\XePersian@latinv=\count267
\XePersian@persianv=\count268
\XePersian@latinvi=\count269
\XePersian@persianvi=\count270
\XePersian@latinvii=\count271
\XePersian@persianvii=\count272
\XePersian@latinviii=\count273
\XePersian@persianviii=\count274
\XePersian@latinix=\count275
\XePersian@persianix=\count276
\XePersian@latinx=\count277
\XePersian@persianx=\count278
\XePersian@latinxi=\count279
\XePersian@persianxi=\count280
\XePersian@latinxii=\count281
\XePersian@persianxii=\count282
\XePersian@persianxiii=\count283
\XePersian@temp=\count284
\XePersian@temptwo=\count285
\XePersian@tempthree=\count286
\XePersian@yModHundred=\count287
\XePersian@thirtytwo=\count288
\XePersian@dn=\count289
\XePersian@sn=\count290
\XePersian@mminusone=\count291
)
("D:\Program Files\LaTeX\tex/xelatex/xepersian\xepersian-mathsdigitspec.sty"
Package: xepersian-mathsdigitspec 2018/12/16 v1.1.7 Unicode Persian maths digit
s in XeLaTeX
)
("D:\Program Files\LaTeX\tex/xelatex/bidi\bidi.sty"
Package: bidi 2019/10/19 v35.10 Bidirectional typesetting in plain TeX and LaTe
X

****************************************************
* 
* bidi package (Bidirectional typesetting in
* plain TeX and LaTeX, using XeTeX engine)
* 
* Description: A convenient interface for
* typesetting bidirectional texts in plain TeX
* and LaTeX. The package includes adaptations
* for use with many other commonly-used packages.
* 
* Copyright (c) 2009--2019 Vafa Khalighi
* 
* v35.10, 2019/10/19
* 
* License: LaTeX Project Public License, version
* 1.3c or higher (your choice)
* 
* Location on CTAN: /macros/xetex/latex/bidi
* 
* Issue tracker: https://github.com/vafa-ac/bidi/issues
* 
****************************************************
("D:\Program Files\LaTeX\tex/generic/iftex\iftex.sty"
Package: iftex 2019/11/07 v1.0c TeX engine tests
)
("D:\Program Files\LaTeX\tex/xelatex/bidi\biditools.sty"
Package: biditools 2019/10/19 v1.10 Programming tools for bidi package
\@bidi@envbody=\toks14
\@bidi@emptytoks=\toks15
\bidi@tempcountb=\count292
\bidi@temptoksa=\toks16
\bidi@temptoksb=\toks17
\bidi@dummies=\count293
\bidi@are@these@correct=\toks18
\bidi@toks@lista=\toks19
\bidi@toks@listb=\toks20
\bidi@stack@length=\count294
\bidi@empty@stack=\toks21
\bidi@looprepeat@depth=\count295
)
("D:\Program Files\LaTeX\tex/latex/oberdiek\zref-abspage.sty"
Package: zref-abspage 2018/11/21 v2.27 Module abspage for zref (HO)

("D:\Program Files\LaTeX\tex/latex/oberdiek\zref-base.sty"
Package: zref-base 2018/11/21 v2.27 Module base for zref (HO)

("D:\Program Files\LaTeX\tex/generic/oberdiek\ltxcmds.sty"
Package: ltxcmds 2016/05/16 v1.23 LaTeX kernel commands for general use (HO)
)
("D:\Program Files\LaTeX\tex/generic/oberdiek\infwarerr.sty"
Package: infwarerr 2016/05/16 v1.4 Providing info/warning/error messages (HO)
)
("D:\Program Files\LaTeX\tex/generic/oberdiek\kvsetkeys.sty"
Package: kvsetkeys 2016/05/16 v1.17 Key value parser (HO)

("D:\Program Files\LaTeX\tex/generic/oberdiek\etexcmds.sty"
Package: etexcmds 2016/05/16 v1.6 Avoid name clashes with e-TeX commands (HO)

("D:\Program Files\LaTeX\tex/generic/iftex\ifluatex.sty"
Package: ifluatex 2019/10/25 v1.5 ifluatex legacy package. Use iftex instead.
)))
("D:\Program Files\LaTeX\tex/generic/oberdiek\kvdefinekeys.sty"
Package: kvdefinekeys 2016/05/16 v1.4 Define keys (HO)
)
("D:\Program Files\LaTeX\tex/generic/oberdiek\pdftexcmds.sty"
Package: pdftexcmds 2019/07/25 v0.30 Utility functions of pdfTeX for LuaTeX (HO
)

("D:\Program Files\LaTeX\tex/generic/iftex\ifpdf.sty"
Package: ifpdf 2019/10/25 v3.4 ifpdf legacy package. Use iftex instead.
)
Package pdftexcmds Info: LuaTeX not detected.
Package pdftexcmds Info: pdfTeX >= 1.30 not detected.
Package pdftexcmds Info: \pdf@primitive is available.
Package pdftexcmds Info: \pdf@ifprimitive is available.
Package pdftexcmds Info: \pdfdraftmode not found.
)
("D:\Program Files\LaTeX\tex/latex/oberdiek\auxhook.sty"
Package: auxhook 2016/05/16 v1.4 Hooks for auxiliary files (HO)
)
Package zref Info: New property list: main on input line 762.
Package zref Info: New property: default on input line 763.
Package zref Info: New property: page on input line 764.
)
("D:\Program Files\LaTeX\tex/generic/oberdiek\atbegshi.sty"
Package: atbegshi 2016/06/09 v1.18 At begin shipout hook (HO)
)
\c@abspage=\count296
Package zref Info: New property: abspage on input line 65.
)
("D:\Program Files\LaTeX\tex/latex/xkeyval\xkeyval.sty"
Package: xkeyval 2014/12/03 v2.7a package option processing (HA)

("D:\Program Files\LaTeX\tex/generic/xkeyval\xkeyval.tex"
("D:\Program Files\LaTeX\tex/generic/xkeyval\xkvutils.tex"
\XKV@toks=\toks22
\XKV@tempa@toks=\toks23

("D:\Program Files\LaTeX\tex/generic/xkeyval\keyval.tex"))
\XKV@depth=\count297
File: xkeyval.tex 2014/12/03 v2.7a key=value parser (HA)
))
\@bidi@copyins@=\insert252

("D:\Program Files\LaTeX\tex/xelatex/bidi\latex-xetex-bidi.def"
File: latex-xetex-bidi.def 2019/03/03 v1.3.7 bidi adaptations for `latex.ltx' f
or XeTeX engine
\bidi@n@everypar=\toks24
\bidi@column@check@number=\count298

("D:\Program Files\LaTeX\tex/xelatex/bidi\footnote-xetex-bidi.def"
File: footnote-xetex-bidi.def 2017/08/09 v1.1 bidi footnote macros for XeTeX en
gine
\c@footdir@label=\count299
\footdir@toks=\toks25
)
("D:\Program Files\LaTeX\tex/xelatex/bidi\article-xetex-bidi.def"
File: article-xetex-bidi.def 2017/06/09 v0.6 bidi adaptations for standard arti
cle class for XeTeX engine
))
("D:\Program Files\LaTeX\tex/xelatex/bidi\loadingorder-xetex-bidi.def"
File: loadingorder-xetex-bidi.def 2017/12/29 v0.97 making sure that bidi is the
 last package loaded
)
\bidi@digits=\count300
\bidi@digits@charclass=\XeTeXcharclass1
\bidi@sepmark@charclass=\XeTeXcharclass2
)
****************************************************
* 
* xepersian package (Persian for LaTeX, using XeTeX engine)
* 
* Description: The package supports Persian
* typesetting, using fonts provided in the
* distribution.
* 
* Copyright (c) 2008--2019 Vafa Khalighi
* 
* v22.7, 2019/05/01
* 
* License: LaTeX Project Public License, version
* 1.3c or higher (your choice)
* 
* Location on CTAN: /macros/xetex/latex/xepersian
* 
* Issue tracker: https://github.com/vafa-ac/xepersian/issues
* 
****************************************************
\xepersian@tcl=\count301
\xepersian@ilg=\dimen138
\xepersian@strutilg=\dimen139
("D:\Program Files\LaTeX\tex/xelatex/xepersian\loadingorder-xepersian.def"
File: loadingorder-xepersian.def 2018/09/29 v0.5 making sure that xepersian is 
the last package loaded
)
("D:\Program Files\LaTeX\tex/xelatex/xepersian\footnote-xepersian.def"
File: footnote-xepersian.def 2017/08/09 v0.6 footnote macros for xepersian pack
age
)
("D:\Program Files\LaTeX\tex/xelatex/xepersian\article-xepersian.def"
File: article-xepersian.def 2010/07/25 v0.2 adaptations for standard article cl
ass
)
("D:\Program Files\LaTeX\tex/xelatex/xepersian\fontspec-xepersian.def"
File: fontspec-xepersian.def 2019/05/01 v0.4 fontspec changes
)

Package fontspec Info: Font family 'lmroman10-regular(0)' created for font
(fontspec)             'lmroman10-regular' with options
(fontspec)             [Ligatures=TeX,Path,BoldFont={lmroman10-bold},BoldItalic
Font={lmroman10-bolditalic},ItalicFont={lmroman10-italic},SmallCapsFont={lmroma
ncaps10-regular},SlantedFont={lmromanslant10-regular},BoldSlantedFont={lmromans
lant10-bold}].
(fontspec)              
(fontspec)              This font family consists of the following NFSS
(fontspec)             series/shapes:
(fontspec)              
(fontspec)             - 'normal' (m/n) with NFSS spec.:
(fontspec)             <->"[lmroman10-regular]/OT:script=latn;language=DFLT;map
ping=tex-text;"
(fontspec)             - 'small caps'  (m/sc) with NFSS spec.:
(fontspec)             <->"[lmromancaps10-regular]/OT:script=latn;language=DFLT
;mapping=tex-text;"
(fontspec)             - 'bold' (bx/n) with NFSS spec.:
(fontspec)             <->"[lmroman10-bold]/OT:script=latn;language=DFLT;mappin
g=tex-text;"
(fontspec)             - 'bold small caps'  (bx/sc) with NFSS spec.:
(fontspec)             <->"[lmromancaps10-regular]/OT:script=latn;language=DFLT
;mapping=tex-text;"
(fontspec)             - 'italic' (m/it) with NFSS spec.:
(fontspec)             <->"[lmroman10-italic]/OT:script=latn;language=DFLT;mapp
ing=tex-text;"
(fontspec)             - 'italic small caps'  (m/itsc) with NFSS spec.:
(fontspec)             <->"[lmromancaps10-regular]/OT:script=latn;language=DFLT
;mapping=tex-text;"
(fontspec)             - 'slanted' (m/sl) with NFSS spec.:
(fontspec)             <->"[lmromanslant10-regular]/OT:script=latn;language=DFL
T;mapping=tex-text;"
(fontspec)             - 'slanted small caps'  (m/slsc) with NFSS spec.:
(fontspec)             <->"[lmromancaps10-regular]/OT:script=latn;language=DFLT
;mapping=tex-text;"
(fontspec)             - 'bold italic' (bx/it) with NFSS spec.:
(fontspec)             <->"[lmroman10-bolditalic]/OT:script=latn;language=DFLT;
mapping=tex-text;"
(fontspec)             - 'bold italic small caps'  (bx/itsc) with NFSS spec.:
(fontspec)             <->"[lmromancaps10-regular]/OT:script=latn;language=DFLT
;mapping=tex-text;"
(fontspec)             - 'bold slanted' (bx/sl) with NFSS spec.:
(fontspec)             <->"[lmromanslant10-bold]/OT:script=latn;language=DFLT;m
apping=tex-text;"
(fontspec)             - 'bold slanted small caps'  (bx/slsc) with NFSS spec.:
(fontspec)             <->"[lmromancaps10-regular]/OT:script=latn;language=DFLT
;mapping=tex-text;"

)

Package fontspec Info: Could not resolve font "Vazir/I" (it probably doesn't
(fontspec)             exist).


Package fontspec Info: Font family 'Vazir(0)' created for font 'Vazir' with
(fontspec)             options [Script=Persian,Ligatures=PersianTeX,Scale=1].
(fontspec)              
(fontspec)              This font family consists of the following NFSS
(fontspec)             series/shapes:
(fontspec)              
(fontspec)             - 'normal' (m/n) with NFSS spec.:
(fontspec)             <->s*[1]"Vazir/OT:script=arab;language=DFLT;mapping=pers
ian-tex-text;"
(fontspec)             - 'small caps'  (m/sc) with NFSS spec.: 
(fontspec)             - 'bold' (bx/n) with NFSS spec.:
(fontspec)             <->s*[1]"Vazir/B/OT:script=arab;language=DFLT;mapping=pe
rsian-tex-text;"
(fontspec)             - 'bold small caps'  (bx/sc) with NFSS spec.: 
(fontspec)             - 'bold italic' (bx/it) with NFSS spec.:
(fontspec)             <->s*[1]"Vazir/BI/OT:script=arab;language=DFLT;mapping=p
ersian-tex-text;"
(fontspec)             - 'bold italic small caps'  (bx/itsc) with NFSS spec.: 

LaTeX Font Info:    Font shape `TU/Vazir(0)/m/n' will be
(Font)              scaled to size 10.0pt on input line 5.

No file untitled-1.aux.
\openout1 = `untitled-1.aux'.

LaTeX Font Info:    Checking defaults for OML/cmm/m/it on input line 6.
LaTeX Font Info:    ... okay on input line 6.
LaTeX Font Info:    Checking defaults for T1/cmr/m/n on input line 6.
LaTeX Font Info:    ... okay on input line 6.
LaTeX Font Info:    Checking defaults for OT1/cmr/m/n on input line 6.
LaTeX Font Info:    ... okay on input line 6.
LaTeX Font Info:    Checking defaults for OMS/cmsy/m/n on input line 6.
LaTeX Font Info:    ... okay on input line 6.
LaTeX Font Info:    Checking defaults for TU/lmr/m/n on input line 6.
LaTeX Font Info:    ... okay on input line 6.
LaTeX Font Info:    Checking defaults for OMX/cmex/m/n on input line 6.
LaTeX Font Info:    ... okay on input line 6.
LaTeX Font Info:    Checking defaults for U/cmr/m/n on input line 6.
LaTeX Font Info:    ... okay on input line 6.
\AtBeginShipoutBox=\box46
LaTeX Font Info:    Font shape `TU/Vazir(0)/m/n' will be
(Font)              scaled to size 14.4pt on input line 8.
LaTeX Font Info:    Font shape `TU/Vazir(0)/bx/n' will be
(Font)              scaled to size 14.4pt on input line 8.
No file untitled-1.toc.
\tf@toc=\write3
\openout3 = `untitled-1.toc'.

LaTeX Font Info:    Font shape `TU/Vazir(0)/m/n' will be
(Font)              scaled to size 12.0pt on input line 12.
LaTeX Font Info:    Font shape `TU/Vazir(0)/bx/n' will be
(Font)              scaled to size 12.0pt on input line 12.
Missing character: There is no ‏ in font Vazir Black/OT:script=arab;language=DF
LT;mapping=persian-tex-text;!
Missing character: There is no ‏ in font Vazir Black/OT:script=arab;language=DF
LT;mapping=persian-tex-text;!
Missing character: There is no ‏ in font Vazir Black/OT:script=arab;language=DF
LT;mapping=persian-tex-text;!
Missing character: There is no ‏ in font Vazir Black/OT:script=arab;language=DF
LT;mapping=persian-tex-text;!
Missing character: There is no ‏ in font Vazir Black/OT:script=arab;language=DF
LT;mapping=persian-tex-text;!
Missing character: There is no ‏ in font Vazir Black/OT:script=arab;language=DF
LT;mapping=persian-tex-text;!
Missing character: There is no ‏ in font Vazir Black/OT:script=arab;language=DF
LT;mapping=persian-tex-text;!
Missing character: There is no ‏ in font Vazir Black/OT:script=arab;language=DF
LT;mapping=persian-tex-text;!
LaTeX Font Info:    Font shape `TU/Vazir(0)/bx/n' will be
(Font)              scaled to size 10.0pt on input line 28.
Missing character: There is no ‏ in font Vazir Black/OT:script=arab;language=DF
LT;mapping=persian-tex-text;!
Missing character: There is no ‏ in font Vazir Black/OT:script=arab;language=DF
LT;mapping=persian-tex-text;!
Missing character: There is no ‏ in font Vazir Black/OT:script=arab;language=DF
LT;mapping=persian-tex-text;!
Missing character: There is no ‏ in font Vazir Black/OT:script=arab;language=DF
LT;mapping=persian-tex-text;!
Missing character: There is no ‏ in font Vazir Black/OT:script=arab;language=DF
LT;mapping=persian-tex-text;!
Missing character: There is no ‏ in font Vazir Black/OT:script=arab;language=DF
LT;mapping=persian-tex-text;!
Missing character: There is no ‏ in font Vazir Black/OT:script=arab;language=DF
LT;mapping=persian-tex-text;!
Missing character: There is no ‏ in font Vazir Black/OT:script=arab;language=DF
LT;mapping=persian-tex-text;!
Missing character: There is no ‏ in font Vazir Black/OT:script=arab;language=DF
LT;mapping=persian-tex-text;!
Missing character: There is no ‏ in font Vazir Black/OT:script=arab;language=DF
LT;mapping=persian-tex-text;!
Missing character: There is no ‏ in font Vazir Black/OT:script=arab;language=DF
LT;mapping=persian-tex-text;!
Missing character: There is no ‏ in font Vazir Black/OT:script=arab;language=DF
LT;mapping=persian-tex-text;!
Missing character: There is no ‏ in font Vazir Black/OT:script=arab;language=DF
LT;mapping=persian-tex-text;!
Missing character: There is no ‏ in font Vazir Black/OT:script=arab;language=DF
LT;mapping=persian-tex-text;!
Missing character: There is no ‏ in font Vazir Black/OT:script=arab;language=DF
LT;mapping=persian-tex-text;!
Missing character: There is no ‏ in font Vazir Black/OT:script=arab;language=DF
LT;mapping=persian-tex-text;!
Missing character: There is no ‏ in font Vazir Black/OT:script=arab;language=DF
LT;mapping=persian-tex-text;!
Missing character: There is no ‏ in font Vazir Black/OT:script=arab;language=DF
LT;mapping=persian-tex-text;!
Missing character: There is no ‏ in font Vazir Black/OT:script=arab;language=DF
LT;mapping=persian-tex-text;!
Missing character: There is no ‏ in font Vazir Black/OT:script=arab;language=DF
LT;mapping=persian-tex-text;!
Missing character: There is no ‏ in font Vazir Black/OT:script=arab;language=DF
LT;mapping=persian-tex-text;!
Missing character: There is no ‏ in font Vazir Black/OT:script=arab;language=DF
LT;mapping=persian-tex-text;!
Missing character: There is no ‏ in font Vazir Black/OT:script=arab;language=DF
LT;mapping=persian-tex-text;!
Missing character: There is no ‏ in font Vazir Black/OT:script=arab;language=DF
LT;mapping=persian-tex-text;!
Missing character: There is no ‏ in font Vazir Black/OT:script=arab;language=DF
LT;mapping=persian-tex-text;!
Missing character: There is no ‏ in font Vazir Black/OT:script=arab;language=DF
LT;mapping=persian-tex-text;!
Missing character: There is no ‏ in font Vazir Black/OT:script=arab;language=DF
LT;mapping=persian-tex-text;!
Missing character: There is no ‏ in font Vazir Black/OT:script=arab;language=DF
LT;mapping=persian-tex-text;!
Missing character: There is no ‏ in font Vazir Black/OT:script=arab;language=DF
LT;mapping=persian-tex-text;!
Missing character: There is no ‏ in font Vazir Black/OT:script=arab;language=DF
LT;mapping=persian-tex-text;!
Missing character: There is no ‏ in font Vazir Black/OT:script=arab;language=DF
LT;mapping=persian-tex-text;!
Missing character: There is no ‏ in font Vazir Black/OT:script=arab;language=DF
LT;mapping=persian-tex-text;!
Missing character: There is no ‏ in font Vazir Black/OT:script=arab;language=DF
LT;mapping=persian-tex-text;!
Missing character: There is no ‏ in font Vazir Black/OT:script=arab;language=DF
LT;mapping=persian-tex-text;!
Missing character: There is no ‏ in font Vazir Black/OT:script=arab;language=DF
LT;mapping=persian-tex-text;!
Missing character: There is no ‏ in font Vazir Black/OT:script=arab;language=DF
LT;mapping=persian-tex-text;!
Missing character: There is no ‏ in font Vazir Black/OT:script=arab;language=DF
LT;mapping=persian-tex-text;!
Missing character: There is no ‏ in font Vazir Black/OT:script=arab;language=DF
LT;mapping=persian-tex-text;!
Missing character: There is no ‏ in font Vazir Black/OT:script=arab;language=DF
LT;mapping=persian-tex-text;!
Missing character: There is no ‏ in font Vazir Black/OT:script=arab;language=DF
LT;mapping=persian-tex-text;!
Missing character: There is no ‏ in font Vazir Black/OT:script=arab;language=DF
LT;mapping=persian-tex-text;!
Missing character: There is no ‏ in font Vazir Black/OT:script=arab;language=DF
LT;mapping=persian-tex-text;!
Missing character: There is no ‏ in font Vazir Black/OT:script=arab;language=DF
LT;mapping=persian-tex-text;!
Missing character: There is no ‏ in font Vazir Black/OT:script=arab;language=DF
LT;mapping=persian-tex-text;!
Missing character: There is no ‏ in font Vazir Black/OT:script=arab;language=DF
LT;mapping=persian-tex-text;!
Missing character: There is no ‏ in font Vazir Black/OT:script=arab;language=DF
LT;mapping=persian-tex-text;!
Missing character: There is no ‏ in font Vazir Black/OT:script=arab;language=DF
LT;mapping=persian-tex-text;!
Missing character: There is no ‏ in font Vazir Black/OT:script=arab;language=DF
LT;mapping=persian-tex-text;!
[1

]
Overfull \vbox (558.82533pt too high) has occurred while \output is active []


[2] (untitled-1.aux) ) 
Here is how much of TeX's memory you used:
 14880 strings out of 427240
 326802 string characters out of 3146718
 450804 words of memory out of 3000000
 19294 multiletter control sequences out of 15000+200000
 533141 words of font info for 46 fonts, out of 3000000 for 9000
 1348 hyphenation exceptions out of 8191
 69i,4n,71p,1090b,429s stack positions out of 5000i,500n,10000p,200000b,50000s

Output written on untitled-1.pdf (2 pages).
